<?xml version="1.0" encoding="UTF-8"?>
<!-- Generated by org.testng.reporters.JUnitReportReporter -->
<testsuite skipped="1" hostname="User-PC" name="HomePage.primusBankScreenShorts.HomePage" tests="2" failures="0" timestamp="06 Mar 2018 13:16:19 GMT" time="0.760" errors="0">
  <testcase name="method2" time="0.760" classname="HomePage.primusBankScreenShorts.HomePage"/>
  <testcase name="links" classname="HomePage.primusBankScreenShorts.HomePage">
    <skipped/>
  </testcase> <!-- links -->
</testsuite> <!-- HomePage.primusBankScreenShorts.HomePage -->
