<?xml version="1.0" encoding="UTF-8"?>
<!-- Generated by org.testng.reporters.JUnitReportReporter -->
<testsuite skipped="0" hostname="User-PC" name="HomePage.primusbank2.ruf" tests="1" failures="0" timestamp="01 Mar 2018 13:14:11 GMT" time="23.897" errors="0">
  <testcase name="testOne" time="23.897" classname="HomePage.primusbank2.ruf"/>
</testsuite> <!-- HomePage.primusbank2.ruf -->
